{"/home/runner/work/ci-netlify/ci-netlify/src/components/TaskFilters.jsx": {"path":"/home/runner/work/ci-netlify/ci-netlify/src/components/TaskFilters.jsx","all":false,"statementMap":{"0":{"start":{"line":1,"column":0},"end":{"line":1,"column":47}},"2":{"start":{"line":3,"column":0},"end":{"line":3,"column":85}},"3":{"start":{"line":4,"column":0},"end":{"line":4,"column":10}},"4":{"start":{"line":5,"column":0},"end":{"line":5,"column":34}},"5":{"start":{"line":6,"column":0},"end":{"line":6,"column":35}},"6":{"start":{"line":7,"column":0},"end":{"line":7,"column":65}},"7":{"start":{"line":8,"column":0},"end":{"line":8,"column":13}},"8":{"start":{"line":9,"column":0},"end":{"line":9,"column":38}},"9":{"start":{"line":10,"column":0},"end":{"line":10,"column":34}},"10":{"start":{"line":11,"column":0},"end":{"line":11,"column":17}},"11":{"start":{"line":12,"column":0},"end":{"line":12,"column":24}},"12":{"start":{"line":13,"column":0},"end":{"line":13,"column":92}},"13":{"start":{"line":14,"column":0},"end":{"line":14,"column":50}},"15":{"start":{"line":16,"column":0},"end":{"line":16,"column":62}},"16":{"start":{"line":17,"column":0},"end":{"line":17,"column":19}},"17":{"start":{"line":18,"column":0},"end":{"line":18,"column":11}},"18":{"start":{"line":19,"column":0},"end":{"line":19,"column":12}},"19":{"start":{"line":20,"column":0},"end":{"line":20,"column":10}},"21":{"start":{"line":22,"column":0},"end":{"line":22,"column":1}}},"s":{"0":1,"2":6,"3":6,"4":6,"5":6,"6":6,"7":6,"8":6,"9":6,"10":18,"11":18,"12":18,"13":18,"15":18,"16":18,"17":6,"18":6,"19":6,"21":6},"branchMap":{"0":{"type":"branch","line":3,"loc":{"start":{"line":3,"column":0},"end":{"line":22,"column":1}},"locations":[{"start":{"line":3,"column":0},"end":{"line":22,"column":1}}]},"1":{"type":"branch","line":7,"loc":{"start":{"line":7,"column":39},"end":{"line":7,"column":52}},"locations":[{"start":{"line":7,"column":39},"end":{"line":7,"column":52}}]},"2":{"type":"branch","line":7,"loc":{"start":{"line":7,"column":43},"end":{"line":7,"column":60}},"locations":[{"start":{"line":7,"column":43},"end":{"line":7,"column":60}}]},"3":{"type":"branch","line":10,"loc":{"start":{"line":10,"column":21},"end":{"line":17,"column":19}},"locations":[{"start":{"line":10,"column":21},"end":{"line":17,"column":19}}]},"4":{"type":"branch","line":13,"loc":{"start":{"line":13,"column":55},"end":{"line":13,"column":87}},"locations":[{"start":{"line":13,"column":55},"end":{"line":13,"column":87}}]},"5":{"type":"branch","line":13,"loc":{"start":{"line":13,"column":64},"end":{"line":13,"column":89}},"locations":[{"start":{"line":13,"column":64},"end":{"line":13,"column":89}}]},"6":{"type":"branch","line":14,"loc":{"start":{"line":14,"column":21},"end":{"line":14,"column":50}},"locations":[{"start":{"line":14,"column":21},"end":{"line":14,"column":50}}]}},"b":{"0":[6],"1":[1],"2":[5],"3":[18],"4":[6],"5":[12],"6":[1]},"fnMap":{"0":{"name":"TaskFilters","decl":{"start":{"line":3,"column":0},"end":{"line":22,"column":1}},"loc":{"start":{"line":3,"column":0},"end":{"line":22,"column":1}},"line":3},"1":{"name":"onClick","decl":{"start":{"line":14,"column":21},"end":{"line":14,"column":50}},"loc":{"start":{"line":14,"column":21},"end":{"line":14,"column":50}},"line":14}},"f":{"0":6,"1":1}}
,"/home/runner/work/ci-netlify/ci-netlify/src/components/TaskForm.jsx": {"path":"/home/runner/work/ci-netlify/ci-netlify/src/components/TaskForm.jsx","all":false,"statementMap":{"0":{"start":{"line":1,"column":0},"end":{"line":1,"column":33}},"2":{"start":{"line":3,"column":0},"end":{"line":3,"column":45}},"3":{"start":{"line":4,"column":0},"end":{"line":4,"column":41}},"5":{"start":{"line":6,"column":0},"end":{"line":6,"column":31}},"6":{"start":{"line":7,"column":0},"end":{"line":7,"column":23}},"7":{"start":{"line":8,"column":0},"end":{"line":8,"column":33}},"8":{"start":{"line":9,"column":0},"end":{"line":9,"column":25}},"9":{"start":{"line":10,"column":0},"end":{"line":10,"column":19}},"10":{"start":{"line":11,"column":0},"end":{"line":11,"column":17}},"11":{"start":{"line":12,"column":0},"end":{"line":12,"column":4}},"13":{"start":{"line":14,"column":0},"end":{"line":14,"column":10}},"14":{"start":{"line":15,"column":0},"end":{"line":15,"column":56}},"15":{"start":{"line":16,"column":0},"end":{"line":16,"column":12}},"16":{"start":{"line":17,"column":0},"end":{"line":17,"column":19}},"17":{"start":{"line":18,"column":0},"end":{"line":18,"column":30}},"18":{"start":{"line":19,"column":0},"end":{"line":19,"column":44}},"19":{"start":{"line":20,"column":0},"end":{"line":20,"column":21}},"20":{"start":{"line":21,"column":0},"end":{"line":21,"column":50}},"21":{"start":{"line":22,"column":0},"end":{"line":22,"column":31}},"22":{"start":{"line":23,"column":0},"end":{"line":23,"column":8}},"23":{"start":{"line":24,"column":0},"end":{"line":24,"column":52}},"25":{"start":{"line":26,"column":0},"end":{"line":26,"column":15}},"26":{"start":{"line":27,"column":0},"end":{"line":27,"column":11}},"28":{"start":{"line":29,"column":0},"end":{"line":29,"column":1}}},"s":{"0":1,"2":30,"3":30,"5":30,"6":4,"7":4,"8":4,"9":2,"10":2,"11":4,"13":30,"14":30,"15":30,"16":30,"17":30,"18":30,"19":30,"20":30,"21":30,"22":30,"23":30,"25":30,"26":30,"28":30},"branchMap":{"0":{"type":"branch","line":3,"loc":{"start":{"line":3,"column":0},"end":{"line":29,"column":1}},"locations":[{"start":{"line":3,"column":0},"end":{"line":29,"column":1}}]},"1":{"type":"branch","line":6,"loc":{"start":{"line":6,"column":23},"end":{"line":12,"column":4}},"locations":[{"start":{"line":6,"column":23},"end":{"line":12,"column":4}}]},"2":{"type":"branch","line":9,"loc":{"start":{"line":9,"column":18},"end":{"line":11,"column":17}},"locations":[{"start":{"line":9,"column":18},"end":{"line":11,"column":17}}]},"3":{"type":"branch","line":21,"loc":{"start":{"line":21,"column":18},"end":{"line":21,"column":50}},"locations":[{"start":{"line":21,"column":18},"end":{"line":21,"column":50}}]}},"b":{"0":[30],"1":[4],"2":[2],"3":[23]},"fnMap":{"0":{"name":"TaskForm","decl":{"start":{"line":3,"column":0},"end":{"line":29,"column":1}},"loc":{"start":{"line":3,"column":0},"end":{"line":29,"column":1}},"line":3},"1":{"name":"handleSubmit","decl":{"start":{"line":6,"column":23},"end":{"line":12,"column":4}},"loc":{"start":{"line":6,"column":23},"end":{"line":12,"column":4}},"line":6},"2":{"name":"onChange","decl":{"start":{"line":21,"column":18},"end":{"line":21,"column":50}},"loc":{"start":{"line":21,"column":18},"end":{"line":21,"column":50}},"line":21}},"f":{"0":30,"1":4,"2":23}}
,"/home/runner/work/ci-netlify/ci-netlify/src/components/TaskItem.jsx": {"path":"/home/runner/work/ci-netlify/ci-netlify/src/components/TaskItem.jsx","all":false,"statementMap":{"0":{"start":{"line":1,"column":0},"end":{"line":1,"column":64}},"1":{"start":{"line":2,"column":0},"end":{"line":2,"column":10}},"2":{"start":{"line":3,"column":0},"end":{"line":3,"column":80}},"3":{"start":{"line":4,"column":0},"end":{"line":4,"column":36}},"4":{"start":{"line":5,"column":0},"end":{"line":5,"column":14}},"5":{"start":{"line":6,"column":0},"end":{"line":6,"column":25}},"6":{"start":{"line":7,"column":0},"end":{"line":7,"column":35}},"7":{"start":{"line":8,"column":0},"end":{"line":8,"column":34}},"8":{"start":{"line":9,"column":0},"end":{"line":9,"column":44}},"9":{"start":{"line":10,"column":0},"end":{"line":10,"column":94}},"10":{"start":{"line":11,"column":0},"end":{"line":11,"column":10}},"11":{"start":{"line":12,"column":0},"end":{"line":12,"column":56}},"12":{"start":{"line":13,"column":0},"end":{"line":13,"column":14}},"13":{"start":{"line":14,"column":0},"end":{"line":14,"column":13}},"14":{"start":{"line":15,"column":0},"end":{"line":15,"column":31}},"15":{"start":{"line":16,"column":0},"end":{"line":16,"column":41}},"16":{"start":{"line":17,"column":0},"end":{"line":17,"column":45}},"17":{"start":{"line":18,"column":0},"end":{"line":18,"column":7}},"19":{"start":{"line":20,"column":0},"end":{"line":20,"column":15}},"20":{"start":{"line":21,"column":0},"end":{"line":21,"column":9}},"22":{"start":{"line":23,"column":0},"end":{"line":23,"column":1}}},"s":{"0":12,"1":12,"2":12,"3":12,"4":12,"5":12,"6":12,"7":12,"8":12,"9":12,"10":12,"11":12,"12":12,"13":12,"14":12,"15":12,"16":12,"17":12,"19":12,"20":12,"22":12},"branchMap":{"0":{"type":"branch","line":1,"loc":{"start":{"line":1,"column":0},"end":{"line":23,"column":1}},"locations":[{"start":{"line":1,"column":0},"end":{"line":23,"column":1}}]},"1":{"type":"branch","line":3,"loc":{"start":{"line":3,"column":37},"end":{"line":3,"column":74}},"locations":[{"start":{"line":3,"column":37},"end":{"line":3,"column":74}}]},"2":{"type":"branch","line":3,"loc":{"start":{"line":3,"column":49},"end":{"line":3,"column":76}},"locations":[{"start":{"line":3,"column":49},"end":{"line":3,"column":76}}]},"3":{"type":"branch","line":10,"loc":{"start":{"line":10,"column":54},"end":{"line":10,"column":81}},"locations":[{"start":{"line":10,"column":54},"end":{"line":10,"column":81}}]},"4":{"type":"branch","line":10,"loc":{"start":{"line":10,"column":66},"end":{"line":10,"column":91}},"locations":[{"start":{"line":10,"column":66},"end":{"line":10,"column":91}}]},"5":{"type":"branch","line":9,"loc":{"start":{"line":9,"column":20},"end":{"line":9,"column":44}},"locations":[{"start":{"line":9,"column":20},"end":{"line":9,"column":44}}]},"6":{"type":"branch","line":16,"loc":{"start":{"line":16,"column":17},"end":{"line":16,"column":41}},"locations":[{"start":{"line":16,"column":17},"end":{"line":16,"column":41}}]}},"b":{"0":[12],"1":[4],"2":[8],"3":[4],"4":[8],"5":[1],"6":[1]},"fnMap":{"0":{"name":"TaskItem","decl":{"start":{"line":1,"column":0},"end":{"line":23,"column":1}},"loc":{"start":{"line":1,"column":0},"end":{"line":23,"column":1}},"line":1},"1":{"name":"onChange","decl":{"start":{"line":9,"column":20},"end":{"line":9,"column":44}},"loc":{"start":{"line":9,"column":20},"end":{"line":9,"column":44}},"line":9},"2":{"name":"onClick","decl":{"start":{"line":16,"column":17},"end":{"line":16,"column":41}},"loc":{"start":{"line":16,"column":17},"end":{"line":16,"column":41}},"line":16}},"f":{"0":12,"1":1,"2":1}}
,"/home/runner/work/ci-netlify/ci-netlify/src/components/TaskList.jsx": {"path":"/home/runner/work/ci-netlify/ci-netlify/src/components/TaskList.jsx","all":false,"statementMap":{"0":{"start":{"line":1,"column":0},"end":{"line":1,"column":34}},"2":{"start":{"line":3,"column":0},"end":{"line":3,"column":65}},"3":{"start":{"line":4,"column":0},"end":{"line":4,"column":27}},"4":{"start":{"line":5,"column":0},"end":{"line":5,"column":12}},"5":{"start":{"line":6,"column":0},"end":{"line":6,"column":39}},"6":{"start":{"line":7,"column":0},"end":{"line":7,"column":31}},"7":{"start":{"line":8,"column":0},"end":{"line":8,"column":12}},"9":{"start":{"line":10,"column":0},"end":{"line":10,"column":3}},"11":{"start":{"line":12,"column":0},"end":{"line":12,"column":10}},"12":{"start":{"line":13,"column":0},"end":{"line":13,"column":30}},"13":{"start":{"line":14,"column":0},"end":{"line":14,"column":28}},"14":{"start":{"line":15,"column":0},"end":{"line":15,"column":17}},"15":{"start":{"line":16,"column":0},"end":{"line":16,"column":23}},"16":{"start":{"line":17,"column":0},"end":{"line":17,"column":21}},"17":{"start":{"line":18,"column":0},"end":{"line":18,"column":29}},"18":{"start":{"line":19,"column":0},"end":{"line":19,"column":29}},"19":{"start":{"line":20,"column":0},"end":{"line":20,"column":10}},"20":{"start":{"line":21,"column":0},"end":{"line":21,"column":9}},"21":{"start":{"line":22,"column":0},"end":{"line":22,"column":9}},"23":{"start":{"line":24,"column":0},"end":{"line":24,"column":1}}},"s":{"0":1,"2":4,"3":4,"4":2,"5":2,"6":2,"7":2,"9":2,"11":2,"12":2,"13":2,"14":5,"15":5,"16":5,"17":5,"18":5,"19":5,"20":2,"21":2,"23":2},"branchMap":{"0":{"type":"branch","line":3,"loc":{"start":{"line":3,"column":0},"end":{"line":24,"column":1}},"locations":[{"start":{"line":3,"column":0},"end":{"line":24,"column":1}}]},"1":{"type":"branch","line":4,"loc":{"start":{"line":4,"column":26},"end":{"line":24,"column":1}},"locations":[{"start":{"line":4,"column":26},"end":{"line":24,"column":1}}]},"2":{"type":"branch","line":14,"loc":{"start":{"line":14,"column":17},"end":{"line":20,"column":10}},"locations":[{"start":{"line":14,"column":17},"end":{"line":20,"column":10}}]}},"b":{"0":[4],"1":[2],"2":[5]},"fnMap":{"0":{"name":"TaskList","decl":{"start":{"line":3,"column":0},"end":{"line":24,"column":1}},"loc":{"start":{"line":3,"column":0},"end":{"line":24,"column":1}},"line":3}},"f":{"0":4}}
,"/home/runner/work/ci-netlify/ci-netlify/src/utils/taskHelpers.js": {"path":"/home/runner/work/ci-netlify/ci-netlify/src/utils/taskHelpers.js","all":false,"statementMap":{"0":{"start":{"line":1,"column":0},"end":{"line":1,"column":3}},"1":{"start":{"line":2,"column":0},"end":{"line":2,"column":29}},"2":{"start":{"line":3,"column":0},"end":{"line":3,"column":42}},"3":{"start":{"line":4,"column":0},"end":{"line":4,"column":82}},"4":{"start":{"line":5,"column":0},"end":{"line":5,"column":3}},"5":{"start":{"line":6,"column":0},"end":{"line":6,"column":35}},"6":{"start":{"line":7,"column":0},"end":{"line":7,"column":10}},"7":{"start":{"line":8,"column":0},"end":{"line":8,"column":28}},"8":{"start":{"line":9,"column":0},"end":{"line":9,"column":24}},"9":{"start":{"line":10,"column":0},"end":{"line":10,"column":21}},"10":{"start":{"line":11,"column":0},"end":{"line":11,"column":40}},"11":{"start":{"line":12,"column":0},"end":{"line":12,"column":4}},"12":{"start":{"line":13,"column":0},"end":{"line":13,"column":1}},"14":{"start":{"line":15,"column":0},"end":{"line":15,"column":3}},"15":{"start":{"line":16,"column":0},"end":{"line":16,"column":42}},"16":{"start":{"line":17,"column":0},"end":{"line":17,"column":50}},"17":{"start":{"line":18,"column":0},"end":{"line":18,"column":46}},"18":{"start":{"line":19,"column":0},"end":{"line":19,"column":52}},"19":{"start":{"line":20,"column":0},"end":{"line":20,"column":3}},"20":{"start":{"line":21,"column":0},"end":{"line":21,"column":39}},"21":{"start":{"line":22,"column":0},"end":{"line":22,"column":28}},"22":{"start":{"line":23,"column":0},"end":{"line":23,"column":68}},"23":{"start":{"line":24,"column":0},"end":{"line":24,"column":4}},"24":{"start":{"line":25,"column":0},"end":{"line":25,"column":1}},"26":{"start":{"line":27,"column":0},"end":{"line":27,"column":3}},"27":{"start":{"line":28,"column":0},"end":{"line":28,"column":24}},"28":{"start":{"line":29,"column":0},"end":{"line":29,"column":50}},"29":{"start":{"line":30,"column":0},"end":{"line":30,"column":46}},"30":{"start":{"line":31,"column":0},"end":{"line":31,"column":55}},"31":{"start":{"line":32,"column":0},"end":{"line":32,"column":3}},"32":{"start":{"line":33,"column":0},"end":{"line":33,"column":39}},"33":{"start":{"line":34,"column":0},"end":{"line":34,"column":48}},"34":{"start":{"line":35,"column":0},"end":{"line":35,"column":1}},"36":{"start":{"line":37,"column":0},"end":{"line":37,"column":3}},"37":{"start":{"line":38,"column":0},"end":{"line":38,"column":27}},"38":{"start":{"line":39,"column":0},"end":{"line":39,"column":46}},"39":{"start":{"line":40,"column":0},"end":{"line":40,"column":72}},"40":{"start":{"line":41,"column":0},"end":{"line":41,"column":35}},"41":{"start":{"line":42,"column":0},"end":{"line":42,"column":3}},"42":{"start":{"line":43,"column":0},"end":{"line":43,"column":44}},"43":{"start":{"line":44,"column":0},"end":{"line":44,"column":19}},"44":{"start":{"line":45,"column":0},"end":{"line":45,"column":18}},"45":{"start":{"line":46,"column":0},"end":{"line":46,"column":53}},"46":{"start":{"line":47,"column":0},"end":{"line":47,"column":21}},"47":{"start":{"line":48,"column":0},"end":{"line":48,"column":52}},"48":{"start":{"line":49,"column":0},"end":{"line":49,"column":15}},"49":{"start":{"line":50,"column":0},"end":{"line":50,"column":12}},"50":{"start":{"line":51,"column":0},"end":{"line":51,"column":19}},"51":{"start":{"line":52,"column":0},"end":{"line":52,"column":3}},"52":{"start":{"line":53,"column":0},"end":{"line":53,"column":1}},"54":{"start":{"line":55,"column":0},"end":{"line":55,"column":3}},"55":{"start":{"line":56,"column":0},"end":{"line":56,"column":50}},"56":{"start":{"line":57,"column":0},"end":{"line":57,"column":42}},"57":{"start":{"line":58,"column":0},"end":{"line":58,"column":20}},"58":{"start":{"line":59,"column":0},"end":{"line":59,"column":3}},"59":{"start":{"line":60,"column":0},"end":{"line":60,"column":39}},"60":{"start":{"line":61,"column":0},"end":{"line":61,"column":56}},"61":{"start":{"line":62,"column":0},"end":{"line":62,"column":1}},"63":{"start":{"line":64,"column":0},"end":{"line":64,"column":37}},"65":{"start":{"line":66,"column":0},"end":{"line":66,"column":3}},"66":{"start":{"line":67,"column":0},"end":{"line":67,"column":31}},"67":{"start":{"line":68,"column":0},"end":{"line":68,"column":23}},"68":{"start":{"line":69,"column":0},"end":{"line":69,"column":3}},"69":{"start":{"line":70,"column":0},"end":{"line":70,"column":34}},"70":{"start":{"line":71,"column":0},"end":{"line":71,"column":59}},"71":{"start":{"line":72,"column":0},"end":{"line":72,"column":1}},"73":{"start":{"line":74,"column":0},"end":{"line":74,"column":3}},"74":{"start":{"line":75,"column":0},"end":{"line":75,"column":33}},"75":{"start":{"line":76,"column":0},"end":{"line":76,"column":19}},"76":{"start":{"line":77,"column":0},"end":{"line":77,"column":3}},"77":{"start":{"line":78,"column":0},"end":{"line":78,"column":29}},"78":{"start":{"line":79,"column":0},"end":{"line":79,"column":7}},"79":{"start":{"line":80,"column":0},"end":{"line":80,"column":51}},"80":{"start":{"line":81,"column":0},"end":{"line":81,"column":40}},"81":{"start":{"line":82,"column":0},"end":{"line":82,"column":11}},"82":{"start":{"line":83,"column":0},"end":{"line":83,"column":14}},"83":{"start":{"line":84,"column":0},"end":{"line":84,"column":3}},"84":{"start":{"line":85,"column":0},"end":{"line":85,"column":1}}},"s":{"0":1,"1":1,"2":1,"3":1,"4":1,"5":1,"6":6,"7":6,"8":6,"9":6,"10":6,"11":6,"12":6,"14":1,"15":1,"16":1,"17":1,"18":1,"19":1,"20":1,"21":4,"22":4,"23":4,"24":4,"26":1,"27":1,"28":1,"29":1,"30":1,"31":1,"32":1,"33":3,"34":3,"36":1,"37":1,"38":1,"39":1,"40":1,"41":1,"42":1,"43":4,"44":4,"45":1,"46":4,"47":1,"48":4,"49":4,"50":2,"51":4,"52":4,"54":1,"55":1,"56":1,"57":1,"58":1,"59":1,"60":3,"61":3,"63":1,"65":1,"66":1,"67":1,"68":1,"69":1,"70":1,"71":1,"73":1,"74":1,"75":1,"76":1,"77":1,"78":3,"79":3,"80":3,"81":3,"82":1,"83":1,"84":3},"branchMap":{"0":{"type":"branch","line":6,"loc":{"start":{"line":6,"column":7},"end":{"line":13,"column":1}},"locations":[{"start":{"line":6,"column":7},"end":{"line":13,"column":1}}]},"1":{"type":"branch","line":21,"loc":{"start":{"line":21,"column":7},"end":{"line":25,"column":1}},"locations":[{"start":{"line":21,"column":7},"end":{"line":25,"column":1}}]},"2":{"type":"branch","line":22,"loc":{"start":{"line":22,"column":19},"end":{"line":23,"column":67}},"locations":[{"start":{"line":22,"column":19},"end":{"line":23,"column":67}}]},"3":{"type":"branch","line":23,"loc":{"start":{"line":23,"column":19},"end":{"line":23,"column":60}},"locations":[{"start":{"line":23,"column":19},"end":{"line":23,"column":60}}]},"4":{"type":"branch","line":23,"loc":{"start":{"line":23,"column":61},"end":{"line":23,"column":67}},"locations":[{"start":{"line":23,"column":61},"end":{"line":23,"column":67}}]},"5":{"type":"branch","line":33,"loc":{"start":{"line":33,"column":7},"end":{"line":35,"column":1}},"locations":[{"start":{"line":33,"column":7},"end":{"line":35,"column":1}}]},"6":{"type":"branch","line":34,"loc":{"start":{"line":34,"column":22},"end":{"line":34,"column":46}},"locations":[{"start":{"line":34,"column":22},"end":{"line":34,"column":46}}]},"7":{"type":"branch","line":43,"loc":{"start":{"line":43,"column":7},"end":{"line":53,"column":1}},"locations":[{"start":{"line":43,"column":7},"end":{"line":53,"column":1}}]},"8":{"type":"branch","line":45,"loc":{"start":{"line":45,"column":4},"end":{"line":46,"column":53}},"locations":[{"start":{"line":45,"column":4},"end":{"line":46,"column":53}}]},"9":{"type":"branch","line":47,"loc":{"start":{"line":47,"column":4},"end":{"line":48,"column":52}},"locations":[{"start":{"line":47,"column":4},"end":{"line":48,"column":52}}]},"10":{"type":"branch","line":49,"loc":{"start":{"line":49,"column":4},"end":{"line":49,"column":15}},"locations":[{"start":{"line":49,"column":4},"end":{"line":49,"column":15}}]},"11":{"type":"branch","line":50,"loc":{"start":{"line":50,"column":4},"end":{"line":51,"column":19}},"locations":[{"start":{"line":50,"column":4},"end":{"line":51,"column":19}}]},"12":{"type":"branch","line":46,"loc":{"start":{"line":46,"column":26},"end":{"line":46,"column":51}},"locations":[{"start":{"line":46,"column":26},"end":{"line":46,"column":51}}]},"13":{"type":"branch","line":48,"loc":{"start":{"line":48,"column":26},"end":{"line":48,"column":50}},"locations":[{"start":{"line":48,"column":26},"end":{"line":48,"column":50}}]},"14":{"type":"branch","line":60,"loc":{"start":{"line":60,"column":7},"end":{"line":62,"column":1}},"locations":[{"start":{"line":60,"column":7},"end":{"line":62,"column":1}}]},"15":{"type":"branch","line":61,"loc":{"start":{"line":61,"column":22},"end":{"line":61,"column":47}},"locations":[{"start":{"line":61,"column":22},"end":{"line":61,"column":47}}]},"16":{"type":"branch","line":70,"loc":{"start":{"line":70,"column":7},"end":{"line":72,"column":1}},"locations":[{"start":{"line":70,"column":7},"end":{"line":72,"column":1}}]},"17":{"type":"branch","line":78,"loc":{"start":{"line":78,"column":7},"end":{"line":85,"column":1}},"locations":[{"start":{"line":78,"column":7},"end":{"line":85,"column":1}}]},"18":{"type":"branch","line":81,"loc":{"start":{"line":81,"column":16},"end":{"line":81,"column":34}},"locations":[{"start":{"line":81,"column":16},"end":{"line":81,"column":34}}]},"19":{"type":"branch","line":81,"loc":{"start":{"line":81,"column":35},"end":{"line":81,"column":39}},"locations":[{"start":{"line":81,"column":35},"end":{"line":81,"column":39}}]},"20":{"type":"branch","line":82,"loc":{"start":{"line":82,"column":4},"end":{"line":84,"column":3}},"locations":[{"start":{"line":82,"column":4},"end":{"line":84,"column":3}}]}},"b":{"0":[6],"1":[4],"2":[8],"3":[4],"4":[4],"5":[3],"6":[6],"7":[4],"8":[1],"9":[1],"10":[1],"11":[2],"12":[3],"13":[3],"14":[3],"15":[5],"16":[1],"17":[3],"18":[2],"19":[1],"20":[1]},"fnMap":{"0":{"name":"createTask","decl":{"start":{"line":6,"column":7},"end":{"line":13,"column":1}},"loc":{"start":{"line":6,"column":7},"end":{"line":13,"column":1}},"line":6},"1":{"name":"toggleTask","decl":{"start":{"line":21,"column":7},"end":{"line":25,"column":1}},"loc":{"start":{"line":21,"column":7},"end":{"line":25,"column":1}},"line":21},"2":{"name":"deleteTask","decl":{"start":{"line":33,"column":7},"end":{"line":35,"column":1}},"loc":{"start":{"line":33,"column":7},"end":{"line":35,"column":1}},"line":33},"3":{"name":"filterTasks","decl":{"start":{"line":43,"column":7},"end":{"line":53,"column":1}},"loc":{"start":{"line":43,"column":7},"end":{"line":53,"column":1}},"line":43},"4":{"name":"getActiveCount","decl":{"start":{"line":60,"column":7},"end":{"line":62,"column":1}},"loc":{"start":{"line":60,"column":7},"end":{"line":62,"column":1}},"line":60},"5":{"name":"saveTasks","decl":{"start":{"line":70,"column":7},"end":{"line":72,"column":1}},"loc":{"start":{"line":70,"column":7},"end":{"line":72,"column":1}},"line":70},"6":{"name":"loadTasks","decl":{"start":{"line":78,"column":7},"end":{"line":85,"column":1}},"loc":{"start":{"line":78,"column":7},"end":{"line":85,"column":1}},"line":78}},"f":{"0":6,"1":4,"2":3,"3":4,"4":3,"5":1,"6":3}}
}
